<?xml version="1.0" encoding="UTF-8"?>
<testsuite xmlns:xsi="http://www.w3.org/2001/XMLSchema-instance" xsi:noNamespaceSchemaLocation="https://maven.apache.org/surefire/maven-surefire-plugin/xsd/surefire-test-report.xsd" name="SeleniumJenkins.SeleniumJenkins.AppTest" time="4.23" tests="3" errors="0" skipped="0" failures="2">
  <properties>
[...]
</properties>
  <testcase name="validateLoginTC" classname="SeleniumJenkins.SeleniumJenkins.AppTest" time="1.519"/>
  <testcase name="validateLoginTC" classname="SeleniumJenkins.SeleniumJenkins.AppTest" time="1.117">
    <failure message="expected [https://www.saucedemo.com/] but found [https://www.saucedemo.com/inventory.html]" type="java.lang.AssertionError">java.lang.AssertionError: expected [https://www.saucedemo.com/] but found [https://www.saucedemo.com/inventory.html]
	at SeleniumJenkins.SeleniumJenkins.AppTest.validateLoginTC(AppTest.java:33)
</failure>
    <system-err><![CDATA[Starting ChromeDriver 122.0.6261.111 (9d4c1072da62b411b351a38b9ed6214ab236aa7b-refs/branch-heads/6261@{#1015}) on port 41726
Only local connections are allowed.
Please see https://chromedriver.chromium.org/security-considerations for suggestions on keeping ChromeDriver safe.
ChromeDriver was started successfully.
Mar 16, 2024 8:01:46 PM org.openqa.selenium.remote.ProtocolHandshake createSession
INFO: Detected dialect: W3C
]]></system-err>
  </testcase>
  <testcase name="validateLoginTC" classname="SeleniumJenkins.SeleniumJenkins.AppTest" time="1.249">
    <failure message="expected [https://www.saucedemo.com/] but found [https://www.saucedemo.com/inventory.html]" type="java.lang.AssertionError">java.lang.AssertionError: expected [https://www.saucedemo.com/] but found [https://www.saucedemo.com/inventory.html]
	at SeleniumJenkins.SeleniumJenkins.AppTest.validateLoginTC(AppTest.java:33)
</failure>
    <system-err><![CDATA[Starting ChromeDriver 122.0.6261.111 (9d4c1072da62b411b351a38b9ed6214ab236aa7b-refs/branch-heads/6261@{#1015}) on port 18478
Only local connections are allowed.
Please see https://chromedriver.chromium.org/security-considerations for suggestions on keeping ChromeDriver safe.
ChromeDriver was started successfully.
Mar 16, 2024 8:01:47 PM org.openqa.selenium.remote.ProtocolHandshake createSession
INFO: Detected dialect: W3C
]]></system-err>
  </testcase>
</testsuite>